2020-05-19 14:24:23,467 - python_package.run - DEBUG - Using config in {}
2020-05-19 14:24:23,468 - python_package.run - DEBUG - Task sample_task started
2020-05-19 14:24:23,468 - python_package.tasks.sample_tasks - INFO - Log info Hello world!
2020-05-19 14:24:23,469 - python_package.tasks.sample_tasks - DEBUG - Log debug Hello world!
2020-05-19 14:24:23,469 - python_package.tasks.sample_tasks - WARNING - Log warning Hello world!
2020-05-19 14:24:23,469 - python_package.tasks.sample_tasks - ERROR - Log error Hello world!
2020-05-19 14:24:57,773 - python_package.run - DEBUG - Using config in {'path': {'logs': 'logs', 'scripts': 'scripts', 'notebooks': 'notebooks', 'docs': 'docs'}, 'path_db': 'sqlite:////some_dir/dev.db', 'model': {'rf_params': {'n_estimators': 400}}, 'environment': 'dev', 'config_file': 'python_package/config/config.yaml', 'run_file': 'python_package/config/run.yaml', 'log_file': 'python_package/config/logging.yaml'}
2020-05-19 14:24:57,774 - python_package.run - DEBUG - Task sample_task started
2020-05-19 14:24:57,775 - python_package.tasks.sample_tasks - INFO - Log info Hello world!
2020-05-19 14:24:57,775 - python_package.tasks.sample_tasks - DEBUG - Log debug Hello world!
2020-05-19 14:24:57,775 - python_package.tasks.sample_tasks - WARNING - Log warning Hello world!
2020-05-19 14:24:57,776 - python_package.tasks.sample_tasks - ERROR - Log error Hello world!
2020-05-19 14:27:27,730 - python_package.run - INFO - Loaded general config from python_package/config/config.yaml
2020-05-19 14:27:27,731 - python_package.run - INFO - Loaded logging config from python_package/config/logging.yaml
2020-05-19 14:27:27,732 - python_package.run - INFO - Loaded run config from python_package/config/run.yaml
2020-05-19 14:27:27,732 - python_package.run - DEBUG - {'path': {'logs': 'logs', 'scripts': 'scripts', 'notebooks': 'notebooks', 'docs': 'docs'}, 'path_db': 'sqlite:////some_dir/dev.db', 'model': {'rf_params': {'n_estimators': 400}}, 'environment': 'dev', 'config_file': 'python_package/config/config.yaml', 'run_file': 'python_package/config/run.yaml', 'log_file': 'python_package/config/logging.yaml'}
2020-05-19 14:27:27,732 - python_package.run - DEBUG - Task sample_task started
2020-05-19 14:27:27,733 - python_package.tasks.sample_tasks - INFO - Log info Hello world!
2020-05-19 14:27:27,733 - python_package.tasks.sample_tasks - DEBUG - Log debug Hello world!
2020-05-19 14:27:27,734 - python_package.tasks.sample_tasks - WARNING - Log warning Hello world!
2020-05-19 14:27:27,734 - python_package.tasks.sample_tasks - ERROR - Log error Hello world!
2020-05-19 14:29:36,719 - python_package.run - INFO - Loaded general config from python_package/config/config.yaml
2020-05-19 14:29:36,720 - python_package.run - INFO - Loaded logging config from python_package/config/logging.yaml
2020-05-19 14:29:36,720 - python_package.run - INFO - Loaded run config from python_package/config/run.yaml
2020-05-19 14:29:36,723 - python_package.run - DEBUG - None
2020-05-19 14:29:36,724 - python_package.run - DEBUG - Task sample_task started
2020-05-19 14:29:36,724 - python_package.tasks.sample_tasks - INFO - Log info Hello world!
2020-05-19 14:29:36,724 - python_package.tasks.sample_tasks - DEBUG - Log debug Hello world!
2020-05-19 14:29:36,725 - python_package.tasks.sample_tasks - WARNING - Log warning Hello world!
2020-05-19 14:29:36,725 - python_package.tasks.sample_tasks - ERROR - Log error Hello world!
2020-05-19 14:34:38,735 - python_package.run - INFO - Loaded general config from python_package/config/config.yaml
2020-05-19 14:34:38,737 - python_package.run - INFO - Loaded logging config from python_package/config/logging.yaml
2020-05-19 14:34:38,737 - python_package.run - INFO - Loaded run config from python_package/config/run.yaml
2020-05-19 14:34:38,739 - python_package.run - DEBUG - None
2020-05-19 14:34:38,740 - python_package.run - DEBUG - Task sample_task started
2020-05-19 14:34:38,741 - python_package.tasks.sample_tasks - INFO - Log info Hello world!
2020-05-19 14:34:38,741 - python_package.tasks.sample_tasks - DEBUG - Log debug Hello world!
2020-05-19 14:34:38,741 - python_package.tasks.sample_tasks - WARNING - Log warning Hello world!
2020-05-19 14:34:38,742 - python_package.tasks.sample_tasks - ERROR - Log error Hello world!
2020-05-19 14:35:03,924 - python_package.run - INFO - Loaded general config from python_package/config/config.yaml
2020-05-19 14:35:03,924 - python_package.run - INFO - Loaded logging config from python_package/config/logging.yaml
2020-05-19 14:35:03,924 - python_package.run - INFO - Loaded run config from python_package/config/run.yaml
2020-05-19 14:35:03,926 - python_package.run - DEBUG - None
2020-05-19 14:35:03,927 - python_package.run - DEBUG - Task sample_task started
2020-05-19 14:35:03,927 - python_package.tasks.sample_tasks - INFO - Log info Hello world!
2020-05-19 14:35:03,928 - python_package.tasks.sample_tasks - DEBUG - Log debug Hello world!
2020-05-19 14:35:03,928 - python_package.tasks.sample_tasks - WARNING - Log warning Hello world!
2020-05-19 14:35:03,928 - python_package.tasks.sample_tasks - ERROR - Log error Hello world!
2020-05-19 14:35:53,127 - python_package.run - INFO - Loaded general config from python_package/config/config.yaml
2020-05-19 14:35:53,127 - python_package.run - INFO - Loaded logging config from python_package/config/logging.yaml
2020-05-19 14:35:53,128 - python_package.run - INFO - Loaded run config from python_package/config/run.yaml
2020-05-19 14:35:53,131 - python_package.run - DEBUG - None
2020-05-19 14:35:53,131 - python_package.run - DEBUG - Task sample_task started
2020-05-19 14:35:53,132 - python_package.tasks.sample_tasks - INFO - Log info Hello world!
2020-05-19 14:35:53,132 - python_package.tasks.sample_tasks - DEBUG - Log debug Hello world!
2020-05-19 14:35:53,132 - python_package.tasks.sample_tasks - WARNING - Log warning Hello world!
2020-05-19 14:35:53,133 - python_package.tasks.sample_tasks - ERROR - Log error Hello world!
2020-05-19 14:36:06,223 - python_package.run - INFO - Loaded general config from python_package/config/config.yaml
2020-05-19 14:36:06,224 - python_package.run - INFO - Loaded logging config from python_package/config/logging.yaml
2020-05-19 14:36:06,224 - python_package.run - INFO - Loaded run config from python_package/config/run.yaml
2020-05-19 14:36:06,226 - python_package.run - DEBUG - None
2020-05-19 14:36:06,227 - python_package.run - DEBUG - Task sample_task started
2020-05-19 14:36:06,227 - python_package.tasks.sample_tasks - INFO - Log info Hello world!
2020-05-19 14:36:06,228 - python_package.tasks.sample_tasks - DEBUG - Log debug Hello world!
2020-05-19 14:36:06,228 - python_package.tasks.sample_tasks - WARNING - Log warning Hello world!
2020-05-19 14:36:06,228 - python_package.tasks.sample_tasks - ERROR - Log error Hello world!
2020-05-19 14:38:14,996 - python_package.run - INFO - Loaded general config from python_package/config/config.yaml
2020-05-19 14:38:14,997 - python_package.run - INFO - Loaded logging config from python_package/config/logging.yaml
2020-05-19 14:38:14,997 - python_package.run - INFO - Loaded run config from python_package/config/run.yaml
2020-05-19 14:38:15,001 - python_package.run - DEBUG - None
2020-05-19 14:38:15,002 - python_package.run - DEBUG - Task sample_task started
2020-05-19 14:38:15,002 - python_package.tasks.sample_tasks - INFO - Log info Hello world!
2020-05-19 14:38:15,003 - python_package.tasks.sample_tasks - DEBUG - Log debug Hello world!
2020-05-19 14:38:15,003 - python_package.tasks.sample_tasks - WARNING - Log warning Hello world!
2020-05-19 14:38:15,003 - python_package.tasks.sample_tasks - ERROR - Log error Hello world!
2020-05-19 14:38:35,979 - python_package.run - INFO - Loaded general config from python_package/config/config.yaml
2020-05-19 14:38:35,980 - python_package.run - INFO - Loaded logging config from python_package/config/logging.yaml
2020-05-19 14:38:35,980 - python_package.run - INFO - Loaded run config from python_package/config/run.yaml
2020-05-19 14:38:35,984 - python_package.run - DEBUG - None
2020-05-19 14:38:35,984 - python_package.run - DEBUG - Task sample_task started
2020-05-19 14:38:35,984 - python_package.tasks.sample_tasks - INFO - Log info Hello world!
2020-05-19 14:38:35,985 - python_package.tasks.sample_tasks - DEBUG - Log debug Hello world!
2020-05-19 14:38:35,985 - python_package.tasks.sample_tasks - WARNING - Log warning Hello world!
2020-05-19 14:38:35,985 - python_package.tasks.sample_tasks - ERROR - Log error Hello world!
2020-05-19 14:39:32,287 - python_package.run - INFO - Loaded general config from python_package/config/config.yaml
2020-05-19 14:39:32,287 - python_package.run - INFO - Loaded logging config from python_package/config/logging.yaml
2020-05-19 14:39:32,288 - python_package.run - INFO - Loaded run config from python_package/config/run.yaml
2020-05-19 14:39:32,291 - python_package.run - DEBUG - None
2020-05-19 14:39:32,291 - python_package.run - DEBUG - Task sample_task started
2020-05-19 14:39:32,292 - python_package.tasks.sample_tasks - INFO - Log info Hello world!
2020-05-19 14:39:32,292 - python_package.tasks.sample_tasks - DEBUG - Log debug Hello world!
2020-05-19 14:39:32,292 - python_package.tasks.sample_tasks - WARNING - Log warning Hello world!
2020-05-19 14:39:32,293 - python_package.tasks.sample_tasks - ERROR - Log error Hello world!
2020-05-19 14:41:41,775 - python_package.run - INFO - Loaded general config from python_package/config/config.yaml
2020-05-19 14:41:41,776 - python_package.run - INFO - Loaded logging config from python_package/config/logging.yaml
2020-05-19 14:41:41,776 - python_package.run - INFO - Loaded run config from python_package/config/run.yaml
2020-05-19 14:41:41,779 - python_package.run - DEBUG - None
2020-05-19 14:41:41,779 - python_package.run - DEBUG - Task sample_task started
2020-05-19 14:41:41,780 - python_package.tasks.sample_tasks - INFO - Log info Hello world!
2020-05-19 14:41:41,780 - python_package.tasks.sample_tasks - DEBUG - Log debug Hello world!
2020-05-19 14:41:41,780 - python_package.tasks.sample_tasks - WARNING - Log warning Hello world!
2020-05-19 14:41:41,781 - python_package.tasks.sample_tasks - ERROR - Log error Hello world!
2020-05-19 14:42:53,160 - python_package.run - INFO - Loaded general config from python_package/config/config.yaml
2020-05-19 14:42:53,161 - python_package.run - INFO - Loaded logging config from python_package/config/logging.yaml
2020-05-19 14:42:53,161 - python_package.run - INFO - Loaded run config from python_package/config/run.yaml
2020-05-19 14:42:53,165 - python_package.run - DEBUG - None
2020-05-19 14:42:53,166 - python_package.run - DEBUG - Task sample_task started
2020-05-19 14:42:53,166 - python_package.tasks.sample_tasks - INFO - Log info Hello world!
2020-05-19 14:42:53,167 - python_package.tasks.sample_tasks - DEBUG - Log debug Hello world!
2020-05-19 14:42:53,167 - python_package.tasks.sample_tasks - WARNING - Log warning Hello world!
2020-05-19 14:42:53,167 - python_package.tasks.sample_tasks - ERROR - Log error Hello world!
2020-05-19 14:45:11,694 - python_package.run - INFO - Loaded general config from python_package/config/config.yaml
2020-05-19 14:45:11,694 - python_package.run - INFO - Loaded logging config from python_package/config/logging.yaml
2020-05-19 14:45:11,695 - python_package.run - INFO - Loaded run config from python_package/config/run.yaml
2020-05-19 14:45:11,698 - python_package.run - DEBUG - None
2020-05-19 14:45:11,698 - python_package.run - DEBUG - Task get_config started
2020-05-19 14:45:11,699 - python_package.tasks.sample_tasks - INFO - This is my config: {'path': {'logs': 'logs', 'scripts': 'scripts', 'notebooks': 'notebooks', 'docs': 'docs'}, 'db': 'sqlite:////some_dir/dev.db', 'model': {'rf_params': {'n_estimators': 400}}, 'environment': 'dev', 'config_file': 'python_package/config/config.yaml', 'run_file': 'python_package/config/run.yaml', 'log_file': 'python_package/config/logging.yaml'}
2020-05-19 14:45:11,699 - python_package.tasks.sample_tasks - DEBUG - This is my config: {'path': {'logs': 'logs', 'scripts': 'scripts', 'notebooks': 'notebooks', 'docs': 'docs'}, 'db': 'sqlite:////some_dir/dev.db', 'model': {'rf_params': {'n_estimators': 400}}, 'environment': 'dev', 'config_file': 'python_package/config/config.yaml', 'run_file': 'python_package/config/run.yaml', 'log_file': 'python_package/config/logging.yaml'}
2020-05-19 14:46:57,333 - python_package.run - INFO - Loaded general config from python_package/config/config.yaml
2020-05-19 14:46:57,334 - python_package.run - INFO - Loaded logging config from python_package/config/logging.yaml
2020-05-19 14:46:57,334 - python_package.run - INFO - Loaded run config from python_package/config/run.yaml
2020-05-19 14:46:57,338 - python_package.run - DEBUG - None
2020-05-19 14:46:57,338 - python_package.run - DEBUG - Task get_config started
2020-05-19 14:46:57,339 - python_package.tasks.sample_tasks - INFO - This is my config: {'path': {'logs': 'logs', 'scripts': 'scripts', 'notebooks': 'notebooks', 'docs': 'docs'}, 'db': 'sqlite:////some_dir/dev.db', 'model': {'rf_params': {'n_estimators': 400}}, 'environment': 'dev', 'config_file': 'python_package/config/config.yaml', 'run_file': 'python_package/config/run.yaml', 'log_file': 'python_package/config/logging.yaml'}
2020-05-19 14:46:57,339 - python_package.tasks.sample_tasks - DEBUG - This is my config: {'path': {'logs': 'logs', 'scripts': 'scripts', 'notebooks': 'notebooks', 'docs': 'docs'}, 'db': 'sqlite:////some_dir/dev.db', 'model': {'rf_params': {'n_estimators': 400}}, 'environment': 'dev', 'config_file': 'python_package/config/config.yaml', 'run_file': 'python_package/config/run.yaml', 'log_file': 'python_package/config/logging.yaml'}
2020-05-19 14:47:43,488 - python_package.run - INFO - Loaded general config from python_package/config/config.yaml
2020-05-19 14:47:43,489 - python_package.run - INFO - Loaded logging config from python_package/config/logging.yaml
2020-05-19 14:47:43,489 - python_package.run - INFO - Loaded run config from python_package/config/run.yaml
2020-05-19 14:47:43,492 - python_package.run - DEBUG - None
2020-05-19 14:47:43,493 - python_package.run - DEBUG - Task get_config started
2020-05-19 14:47:43,493 - python_package.tasks.sample_tasks - INFO - This is my config file python_package/config/config.yaml
2020-05-19 14:47:43,493 - python_package.tasks.sample_tasks - DEBUG - This is my config:
2020-05-19 14:47:43,497 - python_package.tasks.sample_tasks - DEBUG - None
2020-05-19 14:50:11,029 - python_package.run - INFO - Loaded general config from python_package/config/config.yaml
2020-05-19 14:50:11,030 - python_package.run - INFO - Loaded logging config from python_package/config/logging.yaml
2020-05-19 14:50:11,030 - python_package.run - INFO - Loaded run config from python_package/config/run.yaml
2020-05-19 14:50:11,030 - python_package.run - DEBUG - Task get_config started
2020-05-19 14:50:11,031 - python_package.tasks.sample_tasks - INFO - This is my config file python_package/config/config.yaml
2020-05-19 14:50:38,652 - python_package.run - INFO - Loaded general config from python_package/config/config.yaml
2020-05-19 14:50:38,652 - python_package.run - INFO - Loaded logging config from python_package/config/logging.yaml
2020-05-19 14:50:38,652 - python_package.run - INFO - Loaded run config from python_package/config/run.yaml
2020-05-19 14:50:38,653 - python_package.run - DEBUG - Task sample_task started
2020-05-19 14:50:38,653 - python_package.tasks.sample_tasks - INFO - Log info Hello world!
2020-05-19 14:50:38,653 - python_package.tasks.sample_tasks - DEBUG - Log debug Hello world!
2020-05-19 14:50:38,654 - python_package.tasks.sample_tasks - WARNING - Log warning Hello world!
2020-05-19 14:50:38,654 - python_package.tasks.sample_tasks - ERROR - Log error Hello world!
2020-05-19 18:04:29,432 - python_package.run - INFO - Loaded general config from python_package/config/config.yaml
2020-05-19 18:04:29,433 - python_package.run - INFO - Loaded logging config from python_package/config/logging.yaml
2020-05-19 18:04:29,433 - python_package.run - INFO - Loaded run config from python_package/config/run.yaml
2020-05-19 18:04:29,434 - python_package.run - DEBUG - Task get_config started
2020-05-19 18:04:29,434 - python_package.tasks.sample_tasks - INFO - This is my config file python_package/config/config.yaml
2020-05-19 18:28:51,411 - python_package.run - INFO - Loaded general config from configs/config.yaml
2020-05-19 18:28:51,412 - python_package.run - INFO - Loaded logging config from configs/logging.yaml
2020-05-19 18:28:51,412 - python_package.run - INFO - Loaded run config from configs/run.yaml
2020-05-19 18:28:51,413 - python_package.run - DEBUG - Task get_config started
2020-05-19 18:28:51,414 - python_package.tasks.sample_tasks - INFO - Config file used was configs/config.yaml
2020-05-25 15:24:02,735 - python_package.run - INFO - Loaded general config from configs/config.yaml
2020-05-25 15:24:02,788 - python_package.run - INFO - Loaded logging config from configs/logging.yaml
2020-05-25 15:24:02,788 - python_package.run - INFO - Loaded run config from configs/run.yaml
2020-05-25 15:24:02,789 - python_package.run - DEBUG - Task pre_process started
2020-05-25 15:24:02,791 - python_package.tasks.preprocess.preprocess - INFO - Loaded data from model_data\01_source\20200522_202539_iris.csv.
2020-05-25 15:24:02,792 - python_package.tasks.preprocess.preprocess - DEBUG -    sepal_length  sepal_width  petal_length  petal_width species
0           5.1          3.5           1.4          0.2  setosa
1           4.9          3.0           1.4          0.2  setosa
2           4.7          3.2           1.3          0.2  setosa
3           4.6          3.1           1.5          0.2  setosa
4           5.0          3.6           1.4          0.2  setosa
2020-05-25 15:24:02,832 - python_package.tasks.preprocess.preprocess - INFO - Added first PCA component.
2020-05-25 15:24:02,833 - python_package.tasks.preprocess.preprocess - DEBUG -    sepal_length  sepal_width  petal_length  petal_width species  pca_comp1
0           5.1          3.5           1.4          0.2  setosa  -2.684207
1           4.9          3.0           1.4          0.2  setosa  -2.715391
2           4.7          3.2           1.3          0.2  setosa  -2.889820
3           4.6          3.1           1.5          0.2  setosa  -2.746437
4           5.0          3.6           1.4          0.2  setosa  -2.728593
2020-05-25 15:24:02,899 - python_package.tasks.preprocess.preprocess - DEBUG -    sepal_length  sepal_width  petal_length  petal_width species  pca_comp1
0           5.1          3.5           1.4          0.2  setosa  -2.684207
1           4.9          3.0           1.4          0.2  setosa  -2.715391
2           4.7          3.2           1.3          0.2  setosa  -2.889820
3           4.6          3.1           1.5          0.2  setosa  -2.746437
4           5.0          3.6           1.4          0.2  setosa  -2.728593
2020-05-25 15:24:02,926 - python_package.tasks.preprocess.preprocess - INFO - Saved data in model_data\01_source\20200522_202539_iris.csv.
